<?xml version="1.0" encoding="UTF-8"?>
<!-- Generated by org.testng.reporters.JUnitXMLReporter -->
<testsuite hostname="ashish-PC" name="iosdf78uij" tests="3" failures="1" timestamp="27 Jun 2014 12:32:03 GMT" time="0.002" errors="0">
  <testcase name="testA2_1" time="0.001" classname="testSuiteA.TestA2"/>
  <testcase name="testA2_2" time="0.0" classname="testSuiteA.TestA2">
    <failure type="java.lang.AssertionError" message="failed test case ">
      <![CDATA[java.lang.AssertionError: failed test case 
	at testSuiteA.TestA2.testA2_2(TestA2.java:16)
... Removed 26 stack frames]]>
    </failure>
  </testcase> <!-- testA2_2 -->
  <testcase name="testA2_3" time="0.0" classname="testSuiteA.TestA2"/>
</testsuite> <!-- iosdf78uij -->
