<?xml version="1.0" encoding="UTF-8"?>
<!-- Generated by org.testng.reporters.JUnitXMLReporter -->
<testsuite hostname="ashish-PC" name="iosdf78uiz" tests="3" failures="1" timestamp="27 Jun 2014 12:32:03 GMT" time="0.029" errors="0">
  <testcase name="testA1_1" time="0.014" classname="testSuiteA.TestA1"/>
  <testcase name="testA1_2" time="0.0" classname="testSuiteA.TestA1"/>
  <testcase name="testA1_3" time="0.002" classname="testSuiteA.TestA1">
    <failure type="java.lang.AssertionError" message="failed test case ">
      <![CDATA[java.lang.AssertionError: failed test case 
	at testSuiteA.TestA1.testA1_3(TestA1.java:22)
... Removed 26 stack frames]]>
    </failure>
  </testcase> <!-- testA1_3 -->
</testsuite> <!-- iosdf78uiz -->
