<?xml version="1.0" encoding="UTF-8"?>
<!-- Generated by org.testng.reporters.JUnitXMLReporter -->
<testsuite hostname="ashish-PC" name="Test B1" tests="3" failures="1" timestamp="11 Jul 2014 10:29:51 GMT" time="0.0010" errors="0">
  <testcase name="testB1_1" time="0.0010" classname="testSuiteB.TestB1"/>
  <testcase name="testB1_2" time="0.0" classname="testSuiteB.TestB1"/>
  <testcase name="testB1_3" time="0.0" classname="testSuiteB.TestB1">
    <failure type="java.lang.AssertionError" message="failed test case ">
      <![CDATA[java.lang.AssertionError: failed test case 
	at testSuiteB.TestB1.testB1_3(TestB1.java:22)
... Removed 25 stack frames]]>
    </failure>
  </testcase> <!-- testB1_3 -->
</testsuite> <!-- Test B1 -->
